<?xml version="1.0" encoding="UTF-8"?>
<!-- Generated by org.testng.reporters.JUnitXMLReporter -->
<testsuite hostname="DESK-HP" ignored="2" name="TestRunnerFireFox" tests="4" failures="1" timestamp="22 Jan 2022 07:02:25 GMT" time="270.312" errors="0">
  <testcase name="CreateOrgTest" time="40.072" classname="com.vtiger.comcast.organizationtest.CreateOrganization"/>
  <testcase name="CreateOrgWithIndEnergy" time="19.057" classname="com.vtiger.comcast.organizationtest.CreateOrganization"/>
  <testcase name="CreateContactTest" time="64.222" classname="com.vtiger.comcast.organizationtest.Create_Contact">
    <failure type="org.openqa.selenium.NoSuchElementException" message="Cannot locate an element using By.all({By.name: lastname,By.xpath: //input[@class=&amp;apos;detailedViewTextBox&amp;apos;]})
For documentation on this error, please visit: https://www.seleniumhq.org/exceptions/no_such_element.html
Build info: version: &amp;apos;3.141.59&amp;apos;, revision: &amp;apos;e82be7d358&amp;apos;, time: &amp;apos;2018-11-14T08:17:03&amp;apos;
System info: host: &amp;apos;DESK-HP&amp;apos;, ip: &amp;apos;192.168.160.59&amp;apos;, os.name: &amp;apos;Windows 10&amp;apos;, os.arch: &amp;apos;amd64&amp;apos;, os.version: &amp;apos;10.0&amp;apos;, java.version: &amp;apos;1.8.0_311&amp;apos;
Driver info: driver.version: RemoteWebDriver">
      <![CDATA[org.openqa.selenium.NoSuchElementException: Cannot locate an element using By.all({By.name: lastname,By.xpath: //input[@class='detailedViewTextBox']})
For documentation on this error, please visit: https://www.seleniumhq.org/exceptions/no_such_element.html
Build info: version: '3.141.59', revision: 'e82be7d358', time: '2018-11-14T08:17:03'
System info: host: 'DESK-HP', ip: '192.168.160.59', os.name: 'Windows 10', os.arch: 'amd64', os.version: '10.0', java.version: '1.8.0_311'
Driver info: driver.version: RemoteWebDriver
at org.openqa.selenium.support.pagefactory.ByAll.findElement(ByAll.java:58)
at org.openqa.selenium.remote.RemoteWebDriver.findElement(RemoteWebDriver.java:315)
at org.openqa.selenium.support.pagefactory.DefaultElementLocator.findElement(DefaultElementLocator.java:69)
at org.openqa.selenium.support.pagefactory.internal.LocatingElementHandler.invoke(LocatingElementHandler.java:38)
at com.sun.proxy.$Proxy14.sendKeys(Unknown Source)
at com.vtiger.comcast.organizationtest.Create_Contact.CreateContactTest(Create_Contact.java:31)
at java.util.concurrent.FutureTask.run(Unknown Source)
at java.util.concurrent.ThreadPoolExecutor.runWorker(Unknown Source)
at java.util.concurrent.ThreadPoolExecutor$Worker.run(Unknown Source)
at java.lang.Thread.run(Unknown Source)
... Removed 16 stack frames]]>
    </failure>
  </testcase> <!-- CreateContactTest -->
  <testcase name="CreateContactWithOrgTest" time="28.566" classname="com.vtiger.comcast.organizationtest.Create_Contact"/>
  <testcase name="@AfterSuite configAS" time="0.0" classname="com.vtiger.comcast.generalUtility.BaseClass">
    <ignored/>
  </testcase> <!-- @AfterSuite configAS -->
  <testcase name="@BeforeSuite configBS" time="0.0" classname="com.vtiger.comcast.generalUtility.BaseClass">
    <ignored/>
  </testcase> <!-- @BeforeSuite configBS -->
</testsuite> <!-- TestRunnerFireFox -->
